The following modules were not unloaded:
  (Use "module --force purge" to unload all):

  1) modenv/scs5
Module Python/3.6.4-intel-2018a and 18 dependencies loaded.
Module cuDNN/8.0.4.30-CUDA-11.1.1 and 1 dependency loaded.
[32m[I 2022-02-07 13:34:26,331][0m A new study created in memory with name: no-name-d5dc8727-3173-4c40-b0f7-03531da605be[0m
/home/h3/medranos/vdftb20/lib/python3.6/site-packages/schnetpack/data/atoms.py:327: UserWarning: The given NumPy array is not writeable, and PyTorch does not support non-writeable tensors. This means you can write to the underlying (supposedly non-writeable) NumPy array using the tensor. You may want to copy the array to protect its data or make it writeable before converting it to a tensor. This type of warning will be suppressed for the rest of this program. (Triggered internally at  /pytorch/torch/csrc/utils/tensor_numpy.cpp:143.)
  properties[pname] = torch.FloatTensor(prop)
/home/h3/medranos/vdftb20/lib/python3.6/site-packages/ase/atoms.py:968: VisibleDeprecationWarning: Use get_global_number_of_atoms() instead
  np.VisibleDeprecationWarning)
[32m[I 2022-02-07 16:48:34,623][0m Trial 0 finished with value: 0.02550569735467434 and parameters: {'l1': 16, 'l2': 2}. Best is trial 0 with value: 0.02550569735467434.[0m
/home/h3/medranos/vdftb20/lib/python3.6/site-packages/ase/atoms.py:968: VisibleDeprecationWarning: Use get_global_number_of_atoms() instead
  np.VisibleDeprecationWarning)
[32m[I 2022-02-07 20:00:21,130][0m Trial 1 finished with value: 0.025610486045479774 and parameters: {'l1': 128, 'l2': 2}. Best is trial 0 with value: 0.02550569735467434.[0m
/home/h3/medranos/vdftb20/lib/python3.6/site-packages/ase/atoms.py:968: VisibleDeprecationWarning: Use get_global_number_of_atoms() instead
  np.VisibleDeprecationWarning)
[32m[I 2022-02-07 23:16:17,541][0m Trial 2 finished with value: 0.03813742846250534 and parameters: {'l1': 128, 'l2': 2}. Best is trial 0 with value: 0.02550569735467434.[0m
/home/h3/medranos/vdftb20/lib/python3.6/site-packages/ase/atoms.py:968: VisibleDeprecationWarning: Use get_global_number_of_atoms() instead
  np.VisibleDeprecationWarning)
[32m[I 2022-02-08 02:35:39,511][0m Trial 3 finished with value: 0.025240015238523483 and parameters: {'l1': 128, 'l2': 64}. Best is trial 3 with value: 0.025240015238523483.[0m
/home/h3/medranos/vdftb20/lib/python3.6/site-packages/ase/atoms.py:968: VisibleDeprecationWarning: Use get_global_number_of_atoms() instead
  np.VisibleDeprecationWarning)
[32m[I 2022-02-08 05:56:45,607][0m Trial 4 finished with value: 0.024484161287546158 and parameters: {'l1': 128, 'l2': 2}. Best is trial 4 with value: 0.024484161287546158.[0m
/home/h3/medranos/vdftb20/lib/python3.6/site-packages/ase/atoms.py:968: VisibleDeprecationWarning: Use get_global_number_of_atoms() instead
  np.VisibleDeprecationWarning)
[32m[I 2022-02-08 09:23:33,520][0m Trial 5 finished with value: 0.02391533926129341 and parameters: {'l1': 32, 'l2': 64}. Best is trial 5 with value: 0.02391533926129341.[0m
/home/h3/medranos/vdftb20/lib/python3.6/site-packages/ase/atoms.py:968: VisibleDeprecationWarning: Use get_global_number_of_atoms() instead
  np.VisibleDeprecationWarning)
[32m[I 2022-02-08 12:51:46,090][0m Trial 6 finished with value: 0.02599695324897766 and parameters: {'l1': 64, 'l2': 32}. Best is trial 5 with value: 0.02391533926129341.[0m
/home/h3/medranos/vdftb20/lib/python3.6/site-packages/ase/atoms.py:968: VisibleDeprecationWarning: Use get_global_number_of_atoms() instead
  np.VisibleDeprecationWarning)
[32m[I 2022-02-08 16:24:23,023][0m Trial 7 finished with value: 0.02641654759645462 and parameters: {'l1': 32, 'l2': 64}. Best is trial 5 with value: 0.02391533926129341.[0m
/home/h3/medranos/vdftb20/lib/python3.6/site-packages/ase/atoms.py:968: VisibleDeprecationWarning: Use get_global_number_of_atoms() instead
  np.VisibleDeprecationWarning)
[32m[I 2022-02-08 19:59:20,720][0m Trial 8 finished with value: 0.023383421823382378 and parameters: {'l1': 16, 'l2': 2}. Best is trial 8 with value: 0.023383421823382378.[0m
/home/h3/medranos/vdftb20/lib/python3.6/site-packages/ase/atoms.py:968: VisibleDeprecationWarning: Use get_global_number_of_atoms() instead
  np.VisibleDeprecationWarning)
[32m[I 2022-02-08 23:42:26,195][0m Trial 9 finished with value: 0.026511525735259056 and parameters: {'l1': 16, 'l2': 4}. Best is trial 8 with value: 0.023383421823382378.[0m
/home/h3/medranos/vdftb20/lib/python3.6/site-packages/ase/atoms.py:968: VisibleDeprecationWarning: Use get_global_number_of_atoms() instead
  np.VisibleDeprecationWarning)
[32m[I 2022-02-09 03:31:06,491][0m Trial 10 finished with value: 0.029257340356707573 and parameters: {'l1': 32, 'l2': 64}. Best is trial 8 with value: 0.023383421823382378.[0m
/home/h3/medranos/vdftb20/lib/python3.6/site-packages/ase/atoms.py:968: VisibleDeprecationWarning: Use get_global_number_of_atoms() instead
  np.VisibleDeprecationWarning)
[32m[I 2022-02-09 07:14:45,589][0m Trial 11 finished with value: 0.028860580176115036 and parameters: {'l1': 64, 'l2': 8}. Best is trial 8 with value: 0.023383421823382378.[0m
/home/h3/medranos/vdftb20/lib/python3.6/site-packages/ase/atoms.py:968: VisibleDeprecationWarning: Use get_global_number_of_atoms() instead
  np.VisibleDeprecationWarning)
[32m[I 2022-02-09 11:02:00,662][0m Trial 12 finished with value: 0.023705285042524338 and parameters: {'l1': 32, 'l2': 8}. Best is trial 8 with value: 0.023383421823382378.[0m
/home/h3/medranos/vdftb20/lib/python3.6/site-packages/ase/atoms.py:968: VisibleDeprecationWarning: Use get_global_number_of_atoms() instead
  np.VisibleDeprecationWarning)
[32m[I 2022-02-09 15:02:58,006][0m Trial 13 finished with value: 0.024661026895046234 and parameters: {'l1': 32, 'l2': 4}. Best is trial 8 with value: 0.023383421823382378.[0m
/home/h3/medranos/vdftb20/lib/python3.6/site-packages/ase/atoms.py:968: VisibleDeprecationWarning: Use get_global_number_of_atoms() instead
  np.VisibleDeprecationWarning)
[32m[I 2022-02-09 19:04:33,490][0m Trial 14 finished with value: 0.02367209643125534 and parameters: {'l1': 32, 'l2': 8}. Best is trial 8 with value: 0.023383421823382378.[0m
